# JRE version: Java(TM) SE Runtime Environment (8.0_45-b15) (build 1.8.0_45-b15)
# Java VM: Java HotSpot(TM) 64-Bit Server VM (25.45-b02 mixed mode windows-amd64 compressed oops)
Heap:
 PSYoungGen      total 38400K, used 6915K [0x00000000eab00000, 0x00000000ef600000, 0x0000000100000000)
  eden space 33280K, 20% used [0x00000000eab00000,0x00000000eb1c0e30,0x00000000ecb80000)
  from space 5120K, 0% used [0x00000000ecb80000,0x00000000ecb80000,0x00000000ed080000)
  to   space 5120K, 0% used [0x00000000ef100000,0x00000000ef100000,0x00000000ef600000)
 ParOldGen       total 54272K, used 1046K [0x00000000c0000000, 0x00000000c3500000, 0x00000000eab00000)
  object space 54272K, 1% used [0x00000000c0000000,0x00000000c0105af0,0x00000000c3500000)
 Metaspace       used 5000K, capacity 6320K, committed 6528K, reserved 1058816K
  class space    used 548K, capacity 616K, committed 640K, reserved 1048576K
GC Heap History (4 events):
Event: 0.282 GC heap before
{Heap before GC invocations=1 (full 0):
 PSYoungGen      total 38400K, used 3328K [0x00000000eab00000, 0x00000000ed580000, 0x0000000100000000)
  eden space 33280K, 10% used [0x00000000eab00000,0x00000000eae401d0,0x00000000ecb80000)
  from space 5120K, 0% used [0x00000000ed080000,0x00000000ed080000,0x00000000ed580000)
  to   space 5120K, 0% used [0x00000000ecb80000,0x00000000ecb80000,0x00000000ed080000)
 ParOldGen       total 87552K, used 0K [0x00000000c0000000, 0x00000000c5580000, 0x00000000eab00000)
  object space 87552K, 0% used [0x00000000c0000000,0x00000000c0000000,0x00000000c5580000)
 Metaspace       used 3219K, capacity 4720K, committed 4864K, reserved 1060864K
  class space    used 349K, capacity 424K, committed 512K, reserved 1048576K
Event: 0.330 GC heap after
Heap after GC invocations=1 (full 0):
 PSYoungGen      total 38400K, used 1150K [0x00000000eab00000, 0x00000000ef600000, 0x0000000100000000)
  eden space 33280K, 0% used [0x00000000eab00000,0x00000000eab00000,0x00000000ecb80000)
  from space 5120K, 22% used [0x00000000ecb80000,0x00000000ecc9f9e8,0x00000000ed080000)
  to   space 5120K, 0% used [0x00000000ef100000,0x00000000ef100000,0x00000000ef600000)
 ParOldGen       total 87552K, used 8K [0x00000000c0000000, 0x00000000c5580000, 0x00000000eab00000)
  object space 87552K, 0% used [0x00000000c0000000,0x00000000c0002000,0x00000000c5580000)
 Metaspace       used 3219K, capacity 4720K, committed 4864K, reserved 1060864K
  class space    used 349K, capacity 424K, committed 512K, reserved 1048576K
}
Event: 0.330 GC heap before
{Heap before GC invocations=2 (full 1):
 PSYoungGen      total 38400K, used 1150K [0x00000000eab00000, 0x00000000ef600000, 0x0000000100000000)
  eden space 33280K, 0% used [0x00000000eab00000,0x00000000eab00000,0x00000000ecb80000)
  from space 5120K, 22% used [0x00000000ecb80000,0x00000000ecc9f9e8,0x00000000ed080000)
  to   space 5120K, 0% used [0x00000000ef100000,0x00000000ef100000,0x00000000ef600000)
 ParOldGen       total 87552K, used 8K [0x00000000c0000000, 0x00000000c5580000, 0x00000000eab00000)
  object space 87552K, 0% used [0x00000000c0000000,0x00000000c0002000,0x00000000c5580000)
 Metaspace       used 3219K, capacity 4720K, committed 4864K, reserved 1060864K
  class space    used 349K, capacity 424K, committed 512K, reserved 1048576K
Event: 0.412 GC heap after
Heap after GC invocations=2 (full 1):
 PSYoungGen      total 38400K, used 0K [0x00000000eab00000, 0x00000000ef600000, 0x0000000100000000)
  eden space 33280K, 0% used [0x00000000eab00000,0x00000000eab00000,0x00000000ecb80000)
  from space 5120K, 0% used [0x00000000ecb80000,0x00000000ecb80000,0x00000000ed080000)
  to   space 5120K, 0% used [0x00000000ef100000,0x00000000ef100000,0x00000000ef600000)
 ParOldGen       total 54272K, used 1046K [0x00000000c0000000, 0x00000000c3500000, 0x00000000eab00000)
  object space 54272K, 1% used [0x00000000c0000000,0x00000000c0105af0,0x00000000c3500000)
 Metaspace       used 3219K, capacity 4720K, committed 4864K, reserved 1058816K
  class space    used 349K, capacity 424K, committed 512K, reserved 1048576K
}

